生成启动时间为 2019/1/15 16:04:30。
     1>项目“D:\vs_project\LinkList\LinkList\LinkList.vcxproj”在节点 2 上(Build 个目标)。
     1>ClCompile:
         C:\Program Files (x86)\Microsoft Visual Studio 12.0\VC\bin\CL.exe /c /ZI /nologo /W3 /WX- /sdl /Od /Oy- /D _MBCS /Gm /EHsc /RTC1 /MDd /GS /fp:precise /Zc:wchar_t /Zc:forScope /Fo"Debug\\" /Fd"Debug\vc120.pdb" /Gd /TP /analyze- /errorReport:prompt linklist.cpp main.cpp
         linklist.cpp
     1>d:\vs_project\linklist\linklist\linklist.h(22): warning C4091: “typedef ”: 没有声明变量时忽略“LinkOps”的左侧
     1>d:\vs_project\linklist\linklist\linklist.cpp(13): warning C4244: “参数”: 从“time_t”转换到“unsigned int”，可能丢失数据
     1>d:\vs_project\linklist\linklist\linklist.cpp(58): warning C4244: “参数”: 从“time_t”转换到“unsigned int”，可能丢失数据
         正在生成代码...
         正在编译...
         main.cpp
     1>d:\vs_project\linklist\linklist\linklist.h(22): warning C4091: “typedef ”: 没有声明变量时忽略“LinkOps”的左侧
         正在生成代码...
       Link:
         C:\Program Files (x86)\Microsoft Visual Studio 12.0\VC\bin\link.exe /ERRORREPORT:PROMPT /OUT:"D:\vs_project\LinkList\Debug\LinkList.exe" /INCREMENTAL /NOLOGO kernel32.lib user32.lib gdi32.lib winspool.lib comdlg32.lib advapi32.lib shell32.lib ole32.lib oleaut32.lib uuid.lib odbc32.lib odbccp32.lib /MANIFEST /MANIFESTUAC:"level='asInvoker' uiAccess='false'" /manifest:embed /DEBUG /PDB:"D:\vs_project\LinkList\Debug\LinkList.pdb" /TLBID:1 /DYNAMICBASE /NXCOMPAT /IMPLIB:"D:\vs_project\LinkList\Debug\LinkList.lib" /MACHINE:X86 Debug\linklist.obj
         Debug\main.obj
         LinkList.vcxproj -> D:\vs_project\LinkList\Debug\LinkList.exe
     1>已完成生成项目“D:\vs_project\LinkList\LinkList\LinkList.vcxproj”(Build 个目标)的操作。

生成成功。

已用时间 00:00:01.36
